0 info it worked if it ends with ok
1 verbose cli [ 'node', '/usr/local/bin/npm', 'install', '-d' ]
2 info using npm@1.1.68
3 info using node@v0.8.4
4 verbose node symlink /usr/local/bin/node
5 verbose read json /Users/yc/code/testlet/package.json
6 error TypeError: Cannot call method 'replace' of undefined
6 error     at /usr/local/lib/node_modules/npm/node_modules/read-package-json/read-json.js:332:45
6 error     at fs.js:117:20
6 error     at /usr/local/lib/node_modules/npm/node_modules/graceful-fs/graceful-fs.js:53:5
6 error     at /usr/local/lib/node_modules/npm/node_modules/graceful-fs/graceful-fs.js:62:5
6 error     at Object.oncomplete (fs.js:297:15)
7 error If you need help, you may report this log at:
7 error     <http://github.com/isaacs/npm/issues>
7 error or email it to:
7 error     <npm-@googlegroups.com>
8 error System Darwin 12.0.0
9 error command "node" "/usr/local/bin/npm" "install" "-d"
10 error cwd /Users/yc/code/testlet
11 error node -v v0.8.4
12 error npm -v 1.1.68
13 error type non_object_property_call
14 verbose exit [ 1, true ]
